#
# A fatal error has been detected by the Java Runtime Environment:
#
#  EXCEPTION_ACCESS_VIOLATION (0xc0000005) at pc=0x00007ffed50fe0f3, pid=3436, tid=21452
#
# JRE version: OpenJDK Runtime Environment (14.0.2+12) (build 14.0.2+12-46)
# Java VM: OpenJDK 64-Bit Server VM (14.0.2+12-46, mixed mode, tiered, compressed oops, g1 gc, windows-amd64)
# Problematic frame:
# V  [jvm.dll+0x2ee0f3]
#
# No core dump will be written. Minidumps are not enabled by default on client versions of Windows
#
# If you would like to submit a bug report, please visit:
#   https://bugreport.java.com/bugreport/crash.jsp
#

---------------  S U M M A R Y ------------

Command Line: -XX:+ShowCodeDetailsInExceptionMessages -agentlib:jdwp=transport=dt_socket,suspend=y,address=localhost:55071 -javaagent:C:\Users\abnote\eclipse\java-2020-092\eclipse\configuration\org.eclipse.osgi\215\0\.cp\lib\javaagent-shaded.jar -Dfile.encoding=Cp1252 bucle61

Host: AMD Ryzen 5 3500U with Radeon Vega Mobile Gfx  , 8 cores, 5G,  Windows 10 , 64 bit Build 18362 (10.0.18362.1110)
Time: Wed Oct 28 20:44:46 2020 Hora estándar romance elapsed time: 278 seconds (0d 0h 4m 38s)

---------------  T H R E A D  ---------------

Current thread (0x000001e34c32f000):  JavaThread "JDWP Transport Listener: dt_socket" daemon [_thread_in_vm, id=21452, stack(0x000000922d900000,0x000000922da00000)] _threads_hazard_ptr=0x000001e34c837f70

Stack: [0x000000922d900000,0x000000922da00000],  sp=0x000000922d9fe940,  free space=1018k
Native frames: (J=compiled Java code, j=interpreted, Vv=VM code, C=native code)
V  [jvm.dll+0x2ee0f3]
V  [jvm.dll+0x2f1f87]
V  [jvm.dll+0x2f248c]
V  [jvm.dll+0x2ee3c2]
V  [jvm.dll+0x5e7b55]
V  [jvm.dll+0x5e78dd]
V  [jvm.dll+0x5af8e3]
V  [jvm.dll+0x739aef]
V  [jvm.dll+0x4bee61]
V  [jvm.dll+0x74908b]
V  [jvm.dll+0x4a54ee]
V  [jvm.dll+0x46ee7b]
C  [jdwp.dll+0x7bbc]


siginfo: EXCEPTION_ACCESS_VIOLATION (0xc0000005), reading address 0xffffffffffffffff


Register to memory mapping:

RIP=0x00007ffed50fe0f3 jvm.dll
RAX=0x000001e34c24a2d0 points into unknown readable memory: 01 00 00 00 80 00 04 41
RBX=0x000000922d9feb10 is pointing into the stack for thread: 0x000001e34c32f000
RCX=0x000000922d9feb80 is pointing into the stack for thread: 0x000001e34c32f000
RDX=0xffffffffffffcb27 is an unknown value
RSP=0x000000922d9fe940 is pointing into the stack for thread: 0x000001e34c32f000
RBP=0x00007ffed50fe0d0 jvm.dll
RSI=0x0 is NULL
RDI=0x00000000000000a0 is an unknown value
R8 =0x03ffffffffffff2c is an unknown value
R9 =0x0000000000000027 is an unknown value
R10=0x00000001000d2c60 is a pointer to class: 
bucle61 {0x00000001000d2c68}
R11={method} {0x000001e34cfe85e8} 'main' '([Ljava/lang/String;)V' in 'bucle61'
R12=0x0000000000000001 is an unknown value
R13=0x00007ffed4e10000 jvm.dll
R14=0x000001e34cfe8556 is pointing into metadata
R15=0x000000000000006e is an unknown value


Registers:
RAX=0x000001e34c24a2d0, RBX=0x000000922d9feb10, RCX=0x000000922d9feb80, RDX=0xffffffffffffcb27
RSP=0x000000922d9fe940, RBP=0x00007ffed50fe0d0, RSI=0x0000000000000000, RDI=0x00000000000000a0
R8 =0x03ffffffffffff2c, R9 =0x0000000000000027, R10=0x00000001000d2c60, R11=0x000001e34cfe85e0
R12=0x0000000000000001, R13=0x00007ffed4e10000, R14=0x000001e34cfe8556, R15=0x000000000000006e
RIP=0x00007ffed50fe0f3, EFLAGS=0x0000000000010213

Top of Stack: (sp=0x000000922d9fe940)
0x000000922d9fe940:   000001e34b000000 00007ffed4fd5447
0x000000922d9fe950:   0000000000000000 00007ffed511350a
0x000000922d9fe960:   000000922d9feb10 00007ffed5101f87
0x000000922d9fe970:   000000922d9feb10 000001e34c32f000
0x000000922d9fe980:   000000922d9fe9e0 00007ffed4f2137e
0x000000922d9fe990:   000001e34cfe85e0 000000922d9feb80
0x000000922d9fe9a0:   000001e34c250f98 000001e34cfe8556
0x000000922d9fe9b0:   00000000000000a0 00007ffed510248c
0x000000922d9fe9c0:   000000922d9feb10 000000000000006e
0x000000922d9fe9d0:   00000000000000a0 000001e3303b0cc0
0x000000922d9fe9e0:   000001e34cfe85e0 000001e34c32f000
0x000000922d9fe9f0:   000000710000006e 000000a000000097
0x000000922d9fea00:   0000009700000000 ffffffff000000a0
0x000000922d9fea10:   000001e34c250f98 0000000000000000
0x000000922d9fea20:   0000000000000000 00000000000083b0
0x000000922d9fea30:   000001e34c24a280 00007ffed50fe3c2 

Instructions: (pc=0x00007ffed50fe0f3)
0x00007ffed50fdff3:   84 b4 00 00 00 48 8b 5b 10 48 85 db 75 ef 33 d2
0x00007ffed50fe003:   8d 4a 18 e8 65 39 36 00 48 8b d8 48 85 c0 0f 84
0x00007ffed50fe013:   8e 00 00 00 33 d2 48 89 6c 24 48 49 8b 2e 48 89
0x00007ffed50fe023:   74 24 50 89 38 8d 4a 20 e8 40 39 36 00 33 ff 48
0x00007ffed50fe033:   8b f0 48 85 c0 74 54 8b 0d 38 23 6d 00 8d 57 08
0x00007ffed50fe043:   89 48 04 48 8b c8 89 38 c7 40 10 08 00 00 00 48
0x00007ffed50fe053:   89 78 08 e8 45 4e 01 00 48 89 46 18 39 7e 04 7e
0x00007ffed50fe063:   2d 0f 1f 40 00 0f 1f 84 00 00 00 00 00 48 8b 46
0x00007ffed50fe073:   18 48 63 cf 48 8d 14 c8 48 85 d2 74 05 33 c0 48
0x00007ffed50fe083:   89 02 ff c7 3b 7e 04 7c e4 eb 03 48 8b f7 48 89
0x00007ffed50fe093:   73 08 48 8b 74 24 50 48 89 6b 10 48 8b 6c 24 48
0x00007ffed50fe0a3:   eb 04 33 ff 8b df 49 89 1e 48 8b 4b 08 48 8d 54
0x00007ffed50fe0b3:   24 40 4c 89 7c 24 40 e8 e1 8b dc ff 48 8b 5c 24
0x00007ffed50fe0c3:   58 48 83 c4 20 41 5f 41 5e 5f c3 cc cc 40 53 48
0x00007ffed50fe0d3:   83 ec 20 48 63 d2 48 8b d9 0f b6 c2 48 83 c1 70
0x00007ffed50fe0e3:   24 3f 4c 8b c2 44 0f b6 c8 49 c1 e8 06 48 8b 01
0x00007ffed50fe0f3:   4e 8b 04 c0 4d 0f a3 c8 72 0b 41 b0 01 e8 6b f9
0x00007ffed50fe103:   e0 ff ff 43 6c 48 83 c4 20 5b c3 cc cc 8b c2 4c
0x00007ffed50fe113:   8b d1 41 33 c0 a9 00 00 00 f0 0f 84 ca 00 00 00
0x00007ffed50fe123:   44 8b ca 8b c2 41 c1 e9 1d b9 72 00 00 00 41 80
0x00007ffed50fe133:   e1 01 c1 e8 1e 44 8d 59 ae a8 01 74 1a 45 84 c9
0x00007ffed50fe143:   75 0d c1 ea 1c f6 c2 01 75 05 44 8b c9 eb 35 41
0x00007ffed50fe153:   b9 23 00 00 00 eb 2d 45 84 c9 74 08 41 b9 76 00
0x00007ffed50fe163:   00 00 eb 20 8b c2 c1 e8 1c a8 01 74 08 41 b9 70
0x00007ffed50fe173:   00 00 00 eb 0f c1 ea 1f 41 b9 40 00 00 00 84 d2
0x00007ffed50fe183:   45 0f 45 cb 41 8b d0 41 8b c0 c1 ea 1d 80 e2 01
0x00007ffed50fe193:   c1 e8 1e a8 01 74 15 84 d2 75 0a 41 c1 e8 1c 41
0x00007ffed50fe1a3:   f6 c0 01 74 33 b9 23 00 00 00 eb 2c 84 d2 74 07
0x00007ffed50fe1b3:   b9 76 00 00 00 eb 21 41 8b c0 c1 e8 1c a8 01 74
0x00007ffed50fe1c3:   07 b9 70 00 00 00 eb 10 41 c1 e8 1f b9 40 00 00
0x00007ffed50fe1d3:   00 45 84 c0 41 0f 45 cb 44 8b c1 48 8d 15 43 79
0x00007ffed50fe1e3:   56 00 49 8b ca e9 f3 5b 00 00 c3 cc cc 48 89 5c 


Stack slot to memory mapping:
stack at sp + 0 slots: 0x000001e34b000000 points into unknown readable memory: 00 00 00 00 00 00 00 00
stack at sp + 1 slots: 0x00007ffed4fd5447 jvm.dll
stack at sp + 2 slots: 0x0 is NULL
stack at sp + 3 slots: 0x00007ffed511350a jvm.dll
stack at sp + 4 slots: 0x000000922d9feb10 is pointing into the stack for thread: 0x000001e34c32f000
stack at sp + 5 slots: 0x00007ffed5101f87 jvm.dll
stack at sp + 6 slots: 0x000000922d9feb10 is pointing into the stack for thread: 0x000001e34c32f000
stack at sp + 7 slots: 0x000001e34c32f000 is a thread


---------------  P R O C E S S  ---------------

Threads class SMR info:
_java_thread_list=0x000001e34c837f70, length=14, elements={
0x000001e33244e000, 0x000001e34b759800, 0x000001e34b75a800, 0x000001e34bfa9800,
0x000001e34bfac000, 0x000001e34bfad000, 0x000001e34bf96800, 0x000001e34b766000,
0x000001e34b769000, 0x000001e34c0c7000, 0x000001e34c32f000, 0x000001e34c330800,
0x000001e34c333800, 0x000001e34c83c000
}

Java Threads: ( => current thread )
  0x000001e33244e000 JavaThread "main" [_thread_blocked, id=12248, stack(0x000000922c800000,0x000000922c900000)]
  0x000001e34b759800 JavaThread "Reference Handler" daemon [_thread_blocked, id=20228, stack(0x000000922cf00000,0x000000922d000000)]
  0x000001e34b75a800 JavaThread "Finalizer" daemon [_thread_blocked, id=21436, stack(0x000000922d000000,0x000000922d100000)]
  0x000001e34bfa9800 JavaThread "Signal Dispatcher" daemon [_thread_blocked, id=5372, stack(0x000000922d100000,0x000000922d200000)]
  0x000001e34bfac000 JavaThread "Attach Listener" daemon [_thread_blocked, id=18424, stack(0x000000922d200000,0x000000922d300000)]
  0x000001e34bfad000 JavaThread "Service Thread" daemon [_thread_blocked, id=14232, stack(0x000000922d300000,0x000000922d400000)]
  0x000001e34bf96800 JavaThread "C2 CompilerThread0" daemon [_thread_blocked, id=9952, stack(0x000000922d400000,0x000000922d500000)]
  0x000001e34b766000 JavaThread "C1 CompilerThread0" daemon [_thread_blocked, id=20532, stack(0x000000922d500000,0x000000922d600000)]
  0x000001e34b769000 JavaThread "Sweeper thread" daemon [_thread_blocked, id=10576, stack(0x000000922d600000,0x000000922d700000)]
  0x000001e34c0c7000 JavaThread "Common-Cleaner" daemon [_thread_blocked, id=9820, stack(0x000000922d700000,0x000000922d800000)]
=>0x000001e34c32f000 JavaThread "JDWP Transport Listener: dt_socket" daemon [_thread_in_vm, id=21452, stack(0x000000922d900000,0x000000922da00000)]
  0x000001e34c330800 JavaThread "JDWP Event Helper Thread" daemon [_thread_blocked, id=4428, stack(0x000000922da00000,0x000000922db00000)]
  0x000001e34c333800 JavaThread "JDWP Command Reader" daemon [_thread_in_native, id=21140, stack(0x000000922db00000,0x000000922dc00000)]
  0x000001e34c83c000 JavaThread "Notification Thread" daemon [_thread_blocked, id=17196, stack(0x000000922d800000,0x000000922d900000)]

Other Threads:
  0x000001e34b744000 VMThread "VM Thread" [stack: 0x000000922ce00000,0x000000922cf00000] [id=11348]
  0x000001e34c841000 WatcherThread [stack: 0x000000922dc00000,0x000000922dd00000] [id=14580]
  0x000001e332487800 GCTaskThread "GC Thread#0" [stack: 0x000000922c900000,0x000000922ca00000] [id=6176]
  0x000001e332497800 ConcurrentGCThread "G1 Main Marker" [stack: 0x000000922ca00000,0x000000922cb00000] [id=1976]
  0x000001e332498800 ConcurrentGCThread "G1 Conc#0" [stack: 0x000000922cb00000,0x000000922cc00000] [id=14796]
  0x000001e33251b000 ConcurrentGCThread "G1 Refine#0" [stack: 0x000000922cc00000,0x000000922cd00000] [id=17284]
  0x000001e33251c000 ConcurrentGCThread "G1 Young RemSet Sampling" [stack: 0x000000922cd00000,0x000000922ce00000] [id=12520]

Threads with active compile tasks:

VM state:not at safepoint (normal execution)

VM Mutex/Monitor currently owned by a thread: None

Heap address: 0x00000000a0e00000, size: 1522 MB, Compressed Oops mode: 32-bit
Narrow klass base: 0x0000000000000000, Narrow klass shift: 3
Compressed class space size: 1073741824 Address: 0x0000000100000000

Heap:
 garbage-first heap   total 98304K, used 4096K [0x00000000a0e00000, 0x0000000100000000)
  region size 1024K, 5 young (5120K), 0 survivors (0K)
 Metaspace       used 9077K, capacity 9212K, committed 9344K, reserved 1058816K
  class space    used 803K, capacity 836K, committed 896K, reserved 1048576K
Heap Regions: E=young(eden), S=young(survivor), O=old, HS=humongous(starts), HC=humongous(continues), CS=collection set, F=free, OA=open archive, CA=closed archive, TAMS=top-at-mark-start (previous, next)
|   0|0x00000000a0e00000, 0x00000000a0e00000, 0x00000000a0f00000|  0%| F|  |TAMS 0x00000000a0e00000, 0x00000000a0e00000| Untracked 
|   1|0x00000000a0f00000, 0x00000000a0f00000, 0x00000000a1000000|  0%| F|  |TAMS 0x00000000a0f00000, 0x00000000a0f00000| Untracked 
|   2|0x00000000a1000000, 0x00000000a1000000, 0x00000000a1100000|  0%| F|  |TAMS 0x00000000a1000000, 0x00000000a1000000| Untracked 
|   3|0x00000000a1100000, 0x00000000a1100000, 0x00000000a1200000|  0%| F|  |TAMS 0x00000000a1100000, 0x00000000a1100000| Untracked 
|   4|0x00000000a1200000, 0x00000000a1200000, 0x00000000a1300000|  0%| F|  |TAMS 0x00000000a1200000, 0x00000000a1200000| Untracked 
|   5|0x00000000a1300000, 0x00000000a1300000, 0x00000000a1400000|  0%| F|  |TAMS 0x00000000a1300000, 0x00000000a1300000| Untracked 
|   6|0x00000000a1400000, 0x00000000a1400000, 0x00000000a1500000|  0%| F|  |TAMS 0x00000000a1400000, 0x00000000a1400000| Untracked 
|   7|0x00000000a1500000, 0x00000000a1500000, 0x00000000a1600000|  0%| F|  |TAMS 0x00000000a1500000, 0x00000000a1500000| Untracked 
|   8|0x00000000a1600000, 0x00000000a1600000, 0x00000000a1700000|  0%| F|  |TAMS 0x00000000a1600000, 0x00000000a1600000| Untracked 
|   9|0x00000000a1700000, 0x00000000a1700000, 0x00000000a1800000|  0%| F|  |TAMS 0x00000000a1700000, 0x00000000a1700000| Untracked 
|  10|0x00000000a1800000, 0x00000000a1800000, 0x00000000a1900000|  0%| F|  |TAMS 0x00000000a1800000, 0x00000000a1800000| Untracked 
|  11|0x00000000a1900000, 0x00000000a1900000, 0x00000000a1a00000|  0%| F|  |TAMS 0x00000000a1900000, 0x00000000a1900000| Untracked 
|  12|0x00000000a1a00000, 0x00000000a1a00000, 0x00000000a1b00000|  0%| F|  |TAMS 0x00000000a1a00000, 0x00000000a1a00000| Untracked 
|  13|0x00000000a1b00000, 0x00000000a1b00000, 0x00000000a1c00000|  0%| F|  |TAMS 0x00000000a1b00000, 0x00000000a1b00000| Untracked 
|  14|0x00000000a1c00000, 0x00000000a1c00000, 0x00000000a1d00000|  0%| F|  |TAMS 0x00000000a1c00000, 0x00000000a1c00000| Untracked 
|  15|0x00000000a1d00000, 0x00000000a1d00000, 0x00000000a1e00000|  0%| F|  |TAMS 0x00000000a1d00000, 0x00000000a1d00000| Untracked 
|  16|0x00000000a1e00000, 0x00000000a1e00000, 0x00000000a1f00000|  0%| F|  |TAMS 0x00000000a1e00000, 0x00000000a1e00000| Untracked 
|  17|0x00000000a1f00000, 0x00000000a1f00000, 0x00000000a2000000|  0%| F|  |TAMS 0x00000000a1f00000, 0x00000000a1f00000| Untracked 
|  18|0x00000000a2000000, 0x00000000a2000000, 0x00000000a2100000|  0%| F|  |TAMS 0x00000000a2000000, 0x00000000a2000000| Untracked 
|  19|0x00000000a2100000, 0x00000000a2100000, 0x00000000a2200000|  0%| F|  |TAMS 0x00000000a2100000, 0x00000000a2100000| Untracked 
|  20|0x00000000a2200000, 0x00000000a2200000, 0x00000000a2300000|  0%| F|  |TAMS 0x00000000a2200000, 0x00000000a2200000| Untracked 
|  21|0x00000000a2300000, 0x00000000a2300000, 0x00000000a2400000|  0%| F|  |TAMS 0x00000000a2300000, 0x00000000a2300000| Untracked 
|  22|0x00000000a2400000, 0x00000000a2400000, 0x00000000a2500000|  0%| F|  |TAMS 0x00000000a2400000, 0x00000000a2400000| Untracked 
|  23|0x00000000a2500000, 0x00000000a2500000, 0x00000000a2600000|  0%| F|  |TAMS 0x00000000a2500000, 0x00000000a2500000| Untracked 
|  24|0x00000000a2600000, 0x00000000a2600000, 0x00000000a2700000|  0%| F|  |TAMS 0x00000000a2600000, 0x00000000a2600000| Untracked 
|  25|0x00000000a2700000, 0x00000000a2700000, 0x00000000a2800000|  0%| F|  |TAMS 0x00000000a2700000, 0x00000000a2700000| Untracked 
|  26|0x00000000a2800000, 0x00000000a2800000, 0x00000000a2900000|  0%| F|  |TAMS 0x00000000a2800000, 0x00000000a2800000| Untracked 
|  27|0x00000000a2900000, 0x00000000a2900000, 0x00000000a2a00000|  0%| F|  |TAMS 0x00000000a2900000, 0x00000000a2900000| Untracked 
|  28|0x00000000a2a00000, 0x00000000a2a00000, 0x00000000a2b00000|  0%| F|  |TAMS 0x00000000a2a00000, 0x00000000a2a00000| Untracked 
|  29|0x00000000a2b00000, 0x00000000a2b00000, 0x00000000a2c00000|  0%| F|  |TAMS 0x00000000a2b00000, 0x00000000a2b00000| Untracked 
|  30|0x00000000a2c00000, 0x00000000a2c00000, 0x00000000a2d00000|  0%| F|  |TAMS 0x00000000a2c00000, 0x00000000a2c00000| Untracked 
|  31|0x00000000a2d00000, 0x00000000a2d00000, 0x00000000a2e00000|  0%| F|  |TAMS 0x00000000a2d00000, 0x00000000a2d00000| Untracked 
|  32|0x00000000a2e00000, 0x00000000a2e00000, 0x00000000a2f00000|  0%| F|  |TAMS 0x00000000a2e00000, 0x00000000a2e00000| Untracked 
|  33|0x00000000a2f00000, 0x00000000a2f00000, 0x00000000a3000000|  0%| F|  |TAMS 0x00000000a2f00000, 0x00000000a2f00000| Untracked 
|  34|0x00000000a3000000, 0x00000000a3000000, 0x00000000a3100000|  0%| F|  |TAMS 0x00000000a3000000, 0x00000000a3000000| Untracked 
|  35|0x00000000a3100000, 0x00000000a3100000, 0x00000000a3200000|  0%| F|  |TAMS 0x00000000a3100000, 0x00000000a3100000| Untracked 
|  36|0x00000000a3200000, 0x00000000a3200000, 0x00000000a3300000|  0%| F|  |TAMS 0x00000000a3200000, 0x00000000a3200000| Untracked 
|  37|0x00000000a3300000, 0x00000000a3300000, 0x00000000a3400000|  0%| F|  |TAMS 0x00000000a3300000, 0x00000000a3300000| Untracked 
|  38|0x00000000a3400000, 0x00000000a3400000, 0x00000000a3500000|  0%| F|  |TAMS 0x00000000a3400000, 0x00000000a3400000| Untracked 
|  39|0x00000000a3500000, 0x00000000a3500000, 0x00000000a3600000|  0%| F|  |TAMS 0x00000000a3500000, 0x00000000a3500000| Untracked 
|  40|0x00000000a3600000, 0x00000000a3600000, 0x00000000a3700000|  0%| F|  |TAMS 0x00000000a3600000, 0x00000000a3600000| Untracked 
|  41|0x00000000a3700000, 0x00000000a3700000, 0x00000000a3800000|  0%| F|  |TAMS 0x00000000a3700000, 0x00000000a3700000| Untracked 
|  42|0x00000000a3800000, 0x00000000a3800000, 0x00000000a3900000|  0%| F|  |TAMS 0x00000000a3800000, 0x00000000a3800000| Untracked 
|  43|0x00000000a3900000, 0x00000000a3900000, 0x00000000a3a00000|  0%| F|  |TAMS 0x00000000a3900000, 0x00000000a3900000| Untracked 
|  44|0x00000000a3a00000, 0x00000000a3a00000, 0x00000000a3b00000|  0%| F|  |TAMS 0x00000000a3a00000, 0x00000000a3a00000| Untracked 
|  45|0x00000000a3b00000, 0x00000000a3b00000, 0x00000000a3c00000|  0%| F|  |TAMS 0x00000000a3b00000, 0x00000000a3b00000| Untracked 
|  46|0x00000000a3c00000, 0x00000000a3c00000, 0x00000000a3d00000|  0%| F|  |TAMS 0x00000000a3c00000, 0x00000000a3c00000| Untracked 
|  47|0x00000000a3d00000, 0x00000000a3d00000, 0x00000000a3e00000|  0%| F|  |TAMS 0x00000000a3d00000, 0x00000000a3d00000| Untracked 
|  48|0x00000000a3e00000, 0x00000000a3e00000, 0x00000000a3f00000|  0%| F|  |TAMS 0x00000000a3e00000, 0x00000000a3e00000| Untracked 
|  49|0x00000000a3f00000, 0x00000000a3f00000, 0x00000000a4000000|  0%| F|  |TAMS 0x00000000a3f00000, 0x00000000a3f00000| Untracked 
|  50|0x00000000a4000000, 0x00000000a4000000, 0x00000000a4100000|  0%| F|  |TAMS 0x00000000a4000000, 0x00000000a4000000| Untracked 
|  51|0x00000000a4100000, 0x00000000a4100000, 0x00000000a4200000|  0%| F|  |TAMS 0x00000000a4100000, 0x00000000a4100000| Untracked 
|  52|0x00000000a4200000, 0x00000000a4200000, 0x00000000a4300000|  0%| F|  |TAMS 0x00000000a4200000, 0x00000000a4200000| Untracked 
|  53|0x00000000a4300000, 0x00000000a4300000, 0x00000000a4400000|  0%| F|  |TAMS 0x00000000a4300000, 0x00000000a4300000| Untracked 
|  54|0x00000000a4400000, 0x00000000a4400000, 0x00000000a4500000|  0%| F|  |TAMS 0x00000000a4400000, 0x00000000a4400000| Untracked 
|  55|0x00000000a4500000, 0x00000000a4500000, 0x00000000a4600000|  0%| F|  |TAMS 0x00000000a4500000, 0x00000000a4500000| Untracked 
|  56|0x00000000a4600000, 0x00000000a4600000, 0x00000000a4700000|  0%| F|  |TAMS 0x00000000a4600000, 0x00000000a4600000| Untracked 
|  57|0x00000000a4700000, 0x00000000a4700000, 0x00000000a4800000|  0%| F|  |TAMS 0x00000000a4700000, 0x00000000a4700000| Untracked 
|  58|0x00000000a4800000, 0x00000000a4800000, 0x00000000a4900000|  0%| F|  |TAMS 0x00000000a4800000, 0x00000000a4800000| Untracked 
|  59|0x00000000a4900000, 0x00000000a4900000, 0x00000000a4a00000|  0%| F|  |TAMS 0x00000000a4900000, 0x00000000a4900000| Untracked 
|  60|0x00000000a4a00000, 0x00000000a4a00000, 0x00000000a4b00000|  0%| F|  |TAMS 0x00000000a4a00000, 0x00000000a4a00000| Untracked 
|  61|0x00000000a4b00000, 0x00000000a4b00000, 0x00000000a4c00000|  0%| F|  |TAMS 0x00000000a4b00000, 0x00000000a4b00000| Untracked 
|  62|0x00000000a4c00000, 0x00000000a4c00000, 0x00000000a4d00000|  0%| F|  |TAMS 0x00000000a4c00000, 0x00000000a4c00000| Untracked 
|  63|0x00000000a4d00000, 0x00000000a4d00000, 0x00000000a4e00000|  0%| F|  |TAMS 0x00000000a4d00000, 0x00000000a4d00000| Untracked 
|  64|0x00000000a4e00000, 0x00000000a4e00000, 0x00000000a4f00000|  0%| F|  |TAMS 0x00000000a4e00000, 0x00000000a4e00000| Untracked 
|  65|0x00000000a4f00000, 0x00000000a4f00000, 0x00000000a5000000|  0%| F|  |TAMS 0x00000000a4f00000, 0x00000000a4f00000| Untracked 
|  66|0x00000000a5000000, 0x00000000a5000000, 0x00000000a5100000|  0%| F|  |TAMS 0x00000000a5000000, 0x00000000a5000000| Untracked 
|  67|0x00000000a5100000, 0x00000000a5100000, 0x00000000a5200000|  0%| F|  |TAMS 0x00000000a5100000, 0x00000000a5100000| Untracked 
|  68|0x00000000a5200000, 0x00000000a5200000, 0x00000000a5300000|  0%| F|  |TAMS 0x00000000a5200000, 0x00000000a5200000| Untracked 
|  69|0x00000000a5300000, 0x00000000a5300000, 0x00000000a5400000|  0%| F|  |TAMS 0x00000000a5300000, 0x00000000a5300000| Untracked 
|  70|0x00000000a5400000, 0x00000000a5400000, 0x00000000a5500000|  0%| F|  |TAMS 0x00000000a5400000, 0x00000000a5400000| Untracked 
|  71|0x00000000a5500000, 0x00000000a5500000, 0x00000000a5600000|  0%| F|  |TAMS 0x00000000a5500000, 0x00000000a5500000| Untracked 
|  72|0x00000000a5600000, 0x00000000a5600000, 0x00000000a5700000|  0%| F|  |TAMS 0x00000000a5600000, 0x00000000a5600000| Untracked 
|  73|0x00000000a5700000, 0x00000000a5700000, 0x00000000a5800000|  0%| F|  |TAMS 0x00000000a5700000, 0x00000000a5700000| Untracked 
|  74|0x00000000a5800000, 0x00000000a5800000, 0x00000000a5900000|  0%| F|  |TAMS 0x00000000a5800000, 0x00000000a5800000| Untracked 
|  75|0x00000000a5900000, 0x00000000a5900000, 0x00000000a5a00000|  0%| F|  |TAMS 0x00000000a5900000, 0x00000000a5900000| Untracked 
|  76|0x00000000a5a00000, 0x00000000a5a00000, 0x00000000a5b00000|  0%| F|  |TAMS 0x00000000a5a00000, 0x00000000a5a00000| Untracked 
|  77|0x00000000a5b00000, 0x00000000a5b00000, 0x00000000a5c00000|  0%| F|  |TAMS 0x00000000a5b00000, 0x00000000a5b00000| Untracked 
|  78|0x00000000a5c00000, 0x00000000a5c00000, 0x00000000a5d00000|  0%| F|  |TAMS 0x00000000a5c00000, 0x00000000a5c00000| Untracked 
|  79|0x00000000a5d00000, 0x00000000a5d00000, 0x00000000a5e00000|  0%| F|  |TAMS 0x00000000a5d00000, 0x00000000a5d00000| Untracked 
|  80|0x00000000a5e00000, 0x00000000a5e00000, 0x00000000a5f00000|  0%| F|  |TAMS 0x00000000a5e00000, 0x00000000a5e00000| Untracked 
|  81|0x00000000a5f00000, 0x00000000a5f00000, 0x00000000a6000000|  0%| F|  |TAMS 0x00000000a5f00000, 0x00000000a5f00000| Untracked 
|  82|0x00000000a6000000, 0x00000000a6000000, 0x00000000a6100000|  0%| F|  |TAMS 0x00000000a6000000, 0x00000000a6000000| Untracked 
|  83|0x00000000a6100000, 0x00000000a6100000, 0x00000000a6200000|  0%| F|  |TAMS 0x00000000a6100000, 0x00000000a6100000| Untracked 
|  84|0x00000000a6200000, 0x00000000a6200000, 0x00000000a6300000|  0%| F|  |TAMS 0x00000000a6200000, 0x00000000a6200000| Untracked 
|  85|0x00000000a6300000, 0x00000000a6300000, 0x00000000a6400000|  0%| F|  |TAMS 0x00000000a6300000, 0x00000000a6300000| Untracked 
|  86|0x00000000a6400000, 0x00000000a6400000, 0x00000000a6500000|  0%| F|  |TAMS 0x00000000a6400000, 0x00000000a6400000| Untracked 
|  87|0x00000000a6500000, 0x00000000a6500000, 0x00000000a6600000|  0%| F|  |TAMS 0x00000000a6500000, 0x00000000a6500000| Untracked 
|  88|0x00000000a6600000, 0x00000000a6600000, 0x00000000a6700000|  0%| F|  |TAMS 0x00000000a6600000, 0x00000000a6600000| Untracked 
|  89|0x00000000a6700000, 0x00000000a6700000, 0x00000000a6800000|  0%| F|  |TAMS 0x00000000a6700000, 0x00000000a6700000| Untracked 
|  90|0x00000000a6800000, 0x00000000a6800000, 0x00000000a6900000|  0%| F|  |TAMS 0x00000000a6800000, 0x00000000a6800000| Untracked 
|  91|0x00000000a6900000, 0x00000000a69f4900, 0x00000000a6a00000| 95%| E|  |TAMS 0x00000000a6900000, 0x00000000a6900000| Complete 
|  92|0x00000000a6a00000, 0x00000000a6b00000, 0x00000000a6b00000|100%| E|CS|TAMS 0x00000000a6a00000, 0x00000000a6a00000| Complete 
|  93|0x00000000a6b00000, 0x00000000a6c00000, 0x00000000a6c00000|100%| E|CS|TAMS 0x00000000a6b00000, 0x00000000a6b00000| Complete 
|  94|0x00000000a6c00000, 0x00000000a6d00000, 0x00000000a6d00000|100%| E|CS|TAMS 0x00000000a6c00000, 0x00000000a6c00000| Complete 
|  95|0x00000000a6d00000, 0x00000000a6e00000, 0x00000000a6e00000|100%| E|CS|TAMS 0x00000000a6d00000, 0x00000000a6d00000| Complete 

Card table byte_map: [0x000001e345740000,0x000001e345a40000] _byte_map_base: 0x000001e345239000

Marking Bits (Prev, Next): (CMBitMap*) 0x000001e332489238, (CMBitMap*) 0x000001e332489278
 Prev Bits: [0x000001e345d40000, 0x000001e347508000)
 Next Bits: [0x000001e347510000, 0x000001e348cd8000)

Polling page: 0x000001e330430000

Metaspace:

Usage:
  Non-class:      8.18 MB capacity,     8.08 MB ( 99%) used,    94.43 KB (  1%) free+waste,     6.75 KB ( <1%) overhead. 
      Class:    836.00 KB capacity,   803.03 KB ( 96%) used,    30.34 KB (  4%) free+waste,     2.63 KB ( <1%) overhead. 
       Both:      9.00 MB capacity,     8.87 MB ( 99%) used,   124.77 KB (  1%) free+waste,     9.38 KB ( <1%) overhead. 

Virtual space:
  Non-class space:       10.00 MB reserved,       8.25 MB ( 83%) committed 
      Class space:        1.00 GB reserved,     896.00 KB ( <1%) committed 
             Both:        1.01 GB reserved,       9.13 MB ( <1%) committed 

Chunk freelists:
   Non-Class:  8.00 KB
       Class:  28.00 KB
        Both:  36.00 KB

MaxMetaspaceSize: 17179869184.00 GB
CompressedClassSpaceSize: 1.00 GB

CodeHeap 'non-profiled nmethods': size=120000Kb used=125Kb max_used=125Kb free=119875Kb
 bounds [0x000001e33dbe0000, 0x000001e33de50000, 0x000001e345110000]
CodeHeap 'profiled nmethods': size=120000Kb used=568Kb max_used=568Kb free=119431Kb
 bounds [0x000001e3366b0000, 0x000001e336920000, 0x000001e33dbe0000]
CodeHeap 'non-nmethods': size=5760Kb used=1224Kb max_used=1240Kb free=4536Kb
 bounds [0x000001e336110000, 0x000001e336380000, 0x000001e3366b0000]
 total_blobs=789 nmethods=404 adapters=298
 compilation: enabled
              stopped_count=0, restarted_count=0
 full_count=0

Compilation events (20 events):
Event: 0.777 Thread 0x000001e34b766000  396       3       jdk.internal.misc.Unsafe::allocateUninitializedArray (55 bytes)
Event: 0.777 Thread 0x000001e34b766000 nmethod 396 0x000001e336739410 code [0x000001e336739620, 0x000001e336739ad8]
Event: 0.777 Thread 0x000001e34b766000  397       3       java.util.ArrayList::get (15 bytes)
Event: 0.778 Thread 0x000001e34b766000 nmethod 397 0x000001e336739c90 code [0x000001e336739ea0, 0x000001e33673a628]
Event: 0.778 Thread 0x000001e34b766000  398   !   3       java.security.cert.Certificate::equals (38 bytes)
Event: 0.779 Thread 0x000001e34b766000 nmethod 398 0x000001e33673a910 code [0x000001e33673ab80, 0x000001e33673b888]
Event: 0.779 Thread 0x000001e34b766000  399       3       sun.security.x509.X509CertImpl::getEncodedInternal (20 bytes)
Event: 0.779 Thread 0x000001e34b766000 nmethod 399 0x000001e33673bd10 code [0x000001e33673bf00, 0x000001e33673c418]
Event: 0.779 Thread 0x000001e34b766000  400       3       java.lang.String::replace (42 bytes)
Event: 0.779 Thread 0x000001e34b766000 nmethod 400 0x000001e33673c590 code [0x000001e33673c760, 0x000001e33673ca98]
Event: 0.781 Thread 0x000001e34b766000  401       3       java.lang.Character::toLowerCase (9 bytes)
Event: 0.782 Thread 0x000001e34b766000 nmethod 401 0x000001e33673cb90 code [0x000001e33673cd40, 0x000001e33673cf18]
Event: 112.949 Thread 0x000001e34b766000  402       3       org.eclipse.jdt.launching.internal.org.objectweb.asm.ClassReader::readUnsignedShort (26 bytes)
Event: 112.950 Thread 0x000001e34b766000 nmethod 402 0x000001e33673d010 code [0x000001e33673d1a0, 0x000001e33673d2f8]
Event: 112.950 Thread 0x000001e34b766000  403       3       java.lang.String::<init> (74 bytes)
Event: 112.954 Thread 0x000001e34b766000 

Event: 112.954 Thread 0x000001e34b766000  404       3       org.eclipse.jdt.launching.internal.org.objectweb.asm.ClassReader::readUtf (44 bytes)
Event: 112.954 Thread 0x000001e34b766000 nmethod 404 0x000001e33673d410 code [0x000001e33673d5e0, 0x000001e33673da68]
Event: 210.089 Thread 0x000001e34b766000  405       3       org.eclipse.jdt.launching.internal.org.objectweb.asm.ClassReader::getItem (7 bytes)
Event: 210.089 Thread 0x000001e34b766000 nmethod 405 0x000001e33673dd10 code [0x000001e33673dea0, 0x000001e33673dfd8]

GC Heap History (0 events):
No events

Deoptimization events (20 events):
Event: 0.741 Thread 0x000001e33244e000 DEOPT PACKING pc=0x000001e336728961 sp=0x000000922c8f8090
Event: 0.741 Thread 0x000001e33244e000 DEOPT UNPACKING pc=0x000001e33615964e sp=0x000000922c8f7558 mode 0
Event: 0.741 Thread 0x000001e33244e000 DEOPT PACKING pc=0x000001e336728961 sp=0x000000922c8f8090
Event: 0.741 Thread 0x000001e33244e000 DEOPT UNPACKING pc=0x000001e33615964e sp=0x000000922c8f7558 mode 0
Event: 0.742 Thread 0x000001e33244e000 DEOPT PACKING pc=0x000001e336728961 sp=0x000000922c8f8090
Event: 0.742 Thread 0x000001e33244e000 DEOPT UNPACKING pc=0x000001e33615964e sp=0x000000922c8f7558 mode 0
Event: 0.742 Thread 0x000001e33244e000 DEOPT PACKING pc=0x000001e336728961 sp=0x000000922c8f8090
Event: 0.742 Thread 0x000001e33244e000 DEOPT UNPACKING pc=0x000001e33615964e sp=0x000000922c8f7558 mode 0
Event: 0.743 Thread 0x000001e33244e000 DEOPT PACKING pc=0x000001e336728961 sp=0x000000922c8f8090
Event: 0.743 Thread 0x000001e33244e000 DEOPT UNPACKING pc=0x000001e33615964e sp=0x000000922c8f7558 mode 0
Event: 0.747 Thread 0x000001e33244e000 DEOPT PACKING pc=0x000001e336728961 sp=0x000000922c8f8090
Event: 0.747 Thread 0x000001e33244e000 DEOPT UNPACKING pc=0x000001e33615964e sp=0x000000922c8f7558 mode 0
Event: 0.749 Thread 0x000001e33244e000 DEOPT PACKING pc=0x000001e336728961 sp=0x000000922c8f8090
Event: 0.749 Thread 0x000001e33244e000 DEOPT UNPACKING pc=0x000001e33615964e sp=0x000000922c8f7558 mode 0
Event: 0.752 Thread 0x000001e33244e000 DEOPT PACKING pc=0x000001e336728961 sp=0x000000922c8f8090
Event: 0.752 Thread 0x000001e33244e000 DEOPT UNPACKING pc=0x000001e33615964e sp=0x000000922c8f7558 mode 0
Event: 0.754 Thread 0x000001e33244e000 DEOPT PACKING pc=0x000001e336728961 sp=0x000000922c8f7f80
Event: 0.754 Thread 0x000001e33244e000 DEOPT UNPACKING pc=0x000001e33615964e sp=0x000000922c8f7448 mode 0
Event: 0.758 Thread 0x000001e33244e000 DEOPT PACKING pc=0x000001e336728961 sp=0x000000922c8fbb70
Event: 0.758 Thread 0x000001e33244e000 DEOPT UNPACKING pc=0x000001e33615964e sp=0x000000922c8fb038 mode 0

Classes unloaded (0 events):
No events

Classes redefined (2 events):
Event: 112.951 Thread 0x000001e34b744000 redefined class name=bucle61, count=1
Event: 210.091 Thread 0x000001e34b744000 redefined class name=bucle61, count=2

Internal exceptions (0 events):
No events

Events (20 events):
Event: 210.102 Executing VM operation: ChangeBreakpoints
Event: 210.102 Executing VM operation: ChangeBreakpoints done
Event: 210.106 Executing VM operation: GetFrameCount
Event: 210.106 Executing VM operation: GetFrameCount done
Event: 210.106 Executing VM operation: GetStackTrace
Event: 210.106 Executing VM operation: GetStackTrace done
Event: 210.139 Executing VM operation: GetFrameCount
Event: 210.139 Executing VM operation: GetFrameCount done
Event: 210.139 Executing VM operation: GetOwnedMonitorInfo
Event: 210.139 Executing VM operation: GetOwnedMonitorInfo done
Event: 210.140 Executing VM operation: GetCurrentContendedMonitor
Event: 210.140 Executing VM operation: GetCurrentContendedMonitor done
Event: 273.418 Executing VM operation: GetCurrentContendedMonitor
Event: 273.418 Executing VM operation: GetCurrentContendedMonitor done
Event: 273.418 Executing VM operation: GetOwnedMonitorInfo
Event: 273.418 Executing VM operation: GetOwnedMonitorInfo done
Event: 275.648 Executing VM operation: GetCurrentContendedMonitor
Event: 275.648 Executing VM operation: GetCurrentContendedMonitor done
Event: 275.649 Executing VM operation: GetOwnedMonitorInfo
Event: 275.649 Executing VM operation: GetOwnedMonitorInfo done


Dynamic libraries:
0x00007ff69c360000 - 0x00007ff69c36d000 	C:\Users\abnote\.p2\pool\plugins\org.eclipse.justj.openjdk.hotspot.jre.full.win32.x86_64_14.0.2.v20200815-0932\jre\bin\javaw.exe
0x00007fff31ca0000 - 0x00007fff31e90000 	C:\Windows\SYSTEM32\ntdll.dll
0x00007fff30a10000 - 0x00007fff30ac2000 	C:\Windows\System32\KERNEL32.DLL
0x00007fff2ec30000 - 0x00007fff2eed5000 	C:\Windows\System32\KERNELBASE.dll
0x00007fff2f730000 - 0x00007fff2f82a000 	C:\Windows\System32\ucrtbase.dll
0x00007fff229b0000 - 0x00007fff229c8000 	C:\Users\abnote\.p2\pool\plugins\org.eclipse.justj.openjdk.hotspot.jre.full.win32.x86_64_14.0.2.v20200815-0932\jre\bin\jli.dll
0x00007fff20570000 - 0x00007fff20585000 	C:\Users\abnote\.p2\pool\plugins\org.eclipse.justj.openjdk.hotspot.jre.full.win32.x86_64_14.0.2.v20200815-0932\jre\bin\VCRUNTIME140.dll
0x00007fff30870000 - 0x00007fff30a04000 	C:\Windows\System32\USER32.dll
0x00007fff2f700000 - 0x00007fff2f721000 	C:\Windows\System32\win32u.dll
0x00007fff1af20000 - 0x00007fff1b1a4000 	C:\Windows\WinSxS\amd64_microsoft.windows.common-controls_6595b64144ccf1df_6.0.18362.1139_none_9e7bf2d3e4605ac6\COMCTL32.dll
0x00007fff2fda0000 - 0x00007fff2fdc6000 	C:\Windows\System32\GDI32.dll
0x00007fff2f890000 - 0x00007fff2fa26000 	C:\Windows\System32\gdi32full.dll
0x00007fff31b50000 - 0x00007fff31bee000 	C:\Windows\System32\msvcrt.dll
0x00007fff2fc60000 - 0x00007fff2fcfe000 	C:\Windows\System32\msvcp_win.dll
0x00007fff30b70000 - 0x00007fff30ea5000 	C:\Windows\System32\combase.dll
0x00007fff319b0000 - 0x00007fff31ad0000 	C:\Windows\System32\RPCRT4.dll
0x00007fff2f680000 - 0x00007fff2f700000 	C:\Windows\System32\bcryptPrimitives.dll
0x00007fff2fd50000 - 0x00007fff2fd7e000 	C:\Windows\System32\IMM32.DLL
0x00007fff20260000 - 0x00007fff202fb000 	C:\Users\abnote\.p2\pool\plugins\org.eclipse.justj.openjdk.hotspot.jre.full.win32.x86_64_14.0.2.v20200815-0932\jre\bin\msvcp140.dll
0x00007ffed4e10000 - 0x00007ffed592e000 	C:\Users\abnote\.p2\pool\plugins\org.eclipse.justj.openjdk.hotspot.jre.full.win32.x86_64_14.0.2.v20200815-0932\jre\bin\server\jvm.dll
0x00007fff30fe0000 - 0x00007fff31083000 	C:\Windows\System32\ADVAPI32.dll
0x00007fff30ad0000 - 0x00007fff30b67000 	C:\Windows\System32\sechost.dll
0x00007fff319a0000 - 0x00007fff319a8000 	C:\Windows\System32\PSAPI.DLL
0x00007fff2b4b0000 - 0x00007fff2b4d4000 	C:\Windows\SYSTEM32\WINMM.dll
0x00007fff25680000 - 0x00007fff2568a000 	C:\Windows\SYSTEM32\VERSION.dll
0x00007fff2b310000 - 0x00007fff2b319000 	C:\Windows\SYSTEM32\WSOCK32.dll
0x00007fff30790000 - 0x00007fff307ff000 	C:\Windows\System32\WS2_32.dll
0x00007fff2b480000 - 0x00007fff2b4ad000 	C:\Windows\SYSTEM32\WINMMBASE.dll
0x00007fff2fd00000 - 0x00007fff2fd4a000 	C:\Windows\System32\cfgmgr32.dll
0x00007fff2ebf0000 - 0x00007fff2ec01000 	C:\Windows\System32\kernel.appcore.dll
0x00007fff2b220000 - 0x00007fff2b22a000 	C:\Users\abnote\.p2\pool\plugins\org.eclipse.justj.openjdk.hotspot.jre.full.win32.x86_64_14.0.2.v20200815-0932\jre\bin\jimage.dll
0x00007fff2d540000 - 0x00007fff2d734000 	C:\Windows\SYSTEM32\DBGHELP.DLL
0x00007fff19c00000 - 0x00007fff19c2a000 	C:\Windows\SYSTEM32\dbgcore.DLL
0x00007fff1c110000 - 0x00007fff1c148000 	C:\Users\abnote\.p2\pool\plugins\org.eclipse.justj.openjdk.hotspot.jre.full.win32.x86_64_14.0.2.v20200815-0932\jre\bin\jdwp.dll
0x00007fff29350000 - 0x00007fff29375000 	C:\Users\abnote\.p2\pool\plugins\org.eclipse.justj.openjdk.hotspot.jre.full.win32.x86_64_14.0.2.v20200815-0932\jre\bin\java.dll
0x00007fff2c500000 - 0x00007fff2c50e000 	C:\Users\abnote\.p2\pool\plugins\org.eclipse.justj.openjdk.hotspot.jre.full.win32.x86_64_14.0.2.v20200815-0932\jre\bin\instrument.dll
0x00007fff2a340000 - 0x00007fff2a356000 	C:\Users\abnote\.p2\pool\plugins\org.eclipse.justj.openjdk.hotspot.jre.full.win32.x86_64_14.0.2.v20200815-0932\jre\bin\zip.dll
0x00007fff300a0000 - 0x00007fff30787000 	C:\Windows\System32\SHELL32.dll
0x00007fff2ffe0000 - 0x00007fff30089000 	C:\Windows\System32\shcore.dll
0x00007fff2eee0000 - 0x00007fff2f660000 	C:\Windows\System32\windows.storage.dll
0x00007fff2eb70000 - 0x00007fff2eb93000 	C:\Windows\System32\profapi.dll
0x00007fff2eba0000 - 0x00007fff2ebea000 	C:\Windows\System32\powrprof.dll
0x00007fff2eb60000 - 0x00007fff2eb70000 	C:\Windows\System32\UMPDC.dll
0x00007fff30800000 - 0x00007fff30852000 	C:\Windows\System32\shlwapi.dll
0x00007fff2f660000 - 0x00007fff2f677000 	C:\Windows\System32\cryptsp.dll
0x00007fff2b020000 - 0x00007fff2b02b000 	C:\Users\abnote\.p2\pool\plugins\org.eclipse.justj.openjdk.hotspot.jre.full.win32.x86_64_14.0.2.v20200815-0932\jre\bin\dt_socket.dll
0x00007fff2e060000 - 0x00007fff2e09a000 	C:\Windows\SYSTEM32\IPHLPAPI.DLL
0x00007fff2e350000 - 0x00007fff2e3b7000 	C:\Windows\system32\mswsock.dll
0x00007fff2e0a0000 - 0x00007fff2e16b000 	C:\Windows\SYSTEM32\DNSAPI.dll
0x00007fff30090000 - 0x00007fff30098000 	C:\Windows\System32\NSI.dll
0x00007fff282f0000 - 0x00007fff282fa000 	C:\Windows\System32\rasadhlp.dll
0x00007fff24d90000 - 0x00007fff24e07000 	C:\Windows\System32\fwpuclnt.dll
0x00007fff2fa30000 - 0x00007fff2fa56000 	C:\Windows\System32\bcrypt.dll
0x00007fff2a210000 - 0x00007fff2a229000 	C:\Users\abnote\.p2\pool\plugins\org.eclipse.justj.openjdk.hotspot.jre.full.win32.x86_64_14.0.2.v20200815-0932\jre\bin\net.dll
0x00007fff20ff0000 - 0x00007fff210e0000 	C:\Windows\SYSTEM32\WINHTTP.dll
0x00007fff293c0000 - 0x00007fff293d2000 	C:\Users\abnote\.p2\pool\plugins\org.eclipse.justj.openjdk.hotspot.jre.full.win32.x86_64_14.0.2.v20200815-0932\jre\bin\nio.dll
0x00007fff2b210000 - 0x00007fff2b220000 	C:\Users\abnote\.p2\pool\plugins\org.eclipse.justj.openjdk.hotspot.jre.full.win32.x86_64_14.0.2.v20200815-0932\jre\bin\verify.dll

dbghelp: loaded successfully - version: 4.0.5 - missing functions: none
symbol engine: initialized successfully - sym options: 0x614 - pdb path: .;C:\Users\abnote\.p2\pool\plugins\org.eclipse.justj.openjdk.hotspot.jre.full.win32.x86_64_14.0.2.v20200815-0932\jre\bin;C:\Windows\SYSTEM32;C:\Windows\WinSxS\amd64_microsoft.windows.common-controls_6595b64144ccf1df_6.0.18362.1139_none_9e7bf2d3e4605ac6;C:\Users\abnote\.p2\pool\plugins\org.eclipse.justj.openjdk.hotspot.jre.full.win32.x86_64_14.0.2.v20200815-0932\jre\bin\server

VM Arguments:
jvm_args: -XX:+ShowCodeDetailsInExceptionMessages -agentlib:jdwp=transport=dt_socket,suspend=y,address=localhost:55071 -javaagent:C:\Users\abnote\eclipse\java-2020-092\eclipse\configuration\org.eclipse.osgi\215\0\.cp\lib\javaagent-shaded.jar -Dfile.encoding=Cp1252 
java_command: bucle61
java_class_path (initial): C:\Users\abnote\eclipse-workspace\Bucles\bin
Launcher Type: SUN_STANDARD

[Global flags]
     intx CICompilerCount                          = 4                                         {product} {ergonomic}
     uint ConcGCThreads                            = 2                                         {product} {ergonomic}
     uint G1ConcRefinementThreads                  = 8                                         {product} {ergonomic}
   size_t G1HeapRegionSize                         = 1048576                                   {product} {ergonomic}
    uintx GCDrainStackTargetSize                   = 64                                        {product} {ergonomic}
   size_t InitialHeapSize                          = 100663296                                 {product} {ergonomic}
   size_t MarkStackSize                            = 4194304                                   {product} {ergonomic}
   size_t MaxHeapSize                              = 1595932672                                {product} {ergonomic}
   size_t MaxNewSize                               = 957349888                                 {product} {ergonomic}
   size_t MinHeapDeltaBytes                        = 1048576                                   {product} {ergonomic}
   size_t MinHeapSize                              = 8388608                                   {product} {ergonomic}
    uintx NonNMethodCodeHeapSize                   = 5839372                                {pd product} {ergonomic}
    uintx NonProfiledCodeHeapSize                  = 122909434                              {pd product} {ergonomic}
    uintx ProfiledCodeHeapSize                     = 122909434                              {pd product} {ergonomic}
    uintx ReservedCodeCacheSize                    = 251658240                              {pd product} {ergonomic}
     bool SegmentedCodeCache                       = true                                      {product} {ergonomic}
     bool ShowCodeDetailsInExceptionMessages       = true                                   {manageable} {command line}
   size_t SoftMaxHeapSize                          = 1595932672                             {manageable} {ergonomic}
     bool UseCompressedClassPointers               = true                                 {lp64_product} {ergonomic}
     bool UseCompressedOops                        = true                                 {lp64_product} {ergonomic}
     bool UseG1GC                                  = true                                      {product} {ergonomic}
     bool UseLargePagesIndividualAllocation        = false                                  {pd product} {ergonomic}

Logging:
Log output configuration:
 #0: stdout all=warning uptime,level,tags
 #1: stderr all=off uptime,level,tags

Environment Variables:
PATH=C:\Users\abnote\.p2\pool\plugins\org.eclipse.justj.openjdk.hotspot.jre.full.win32.x86_64_14.0.2.v20200815-0932\jre\bin;C:/Users/abnote/.p2/pool/plugins/org.eclipse.justj.openjdk.hotspot.jre.full.win32.x86_64_14.0.2.v20200815-0932/jre/bin/server;C:/Users/abnote/.p2/pool/plugins/org.eclipse.justj.openjdk.hotspot.jre.full.win32.x86_64_14.0.2.v20200815-0932/jre/bin;C:\Windows\system32;C:\Windows;C:\Windows\System32\Wbem;C:\Windows\System32\WindowsPowerShell\v1.0\;C:\Windows\System32\OpenSSH\;C:\Users\abnote\AppData\Local\Microsoft\WindowsApps;;C:\Users\abnote\Desktop;
USERNAME=abrahamAdmin
OS=Windows_NT
PROCESSOR_IDENTIFIER=AMD64 Family 23 Model 24 Stepping 1, AuthenticAMD



---------------  S Y S T E M  ---------------

OS: Windows 10 , 64 bit Build 18362 (10.0.18362.1110)
OS uptime: 2 days 4:05 hours

CPU:total 8 (initial active 8) (8 cores per cpu, 2 threads per core) family 23 model 24 stepping 1, cmov, cx8, fxsr, mmx, sse, sse2, sse3, ssse3, sse4.1, sse4.2, popcnt, avx, avx2, aes, clmul, mmxext, 3dnowpref, lzcnt, sse4a, ht, tsc, tscinvbit, tscinv, bmi1, bmi2, adx, sha, fma

Memory: 4k page, system-wide physical 6082M (1895M free)
TotalPageFile size 11450M (AvailPageFile size 1820M)
current process WorkingSet (physical memory assigned to process): 44M, peak: 45M
current process commit charge ("private bytes"): 177M, peak: 179M

vm_info: OpenJDK 64-Bit Server VM (14.0.2+12-46) for windows-amd64 JRE (14.0.2+12-46), built on Jul  9 2020 00:31:16 by "mach5one" with MS VC++ 15.9 (VS2017)

END.
